<?xml version="1.0" encoding="UTF-8"?>
<testng-results skipped="0" failed="0" total="1" passed="1">
  <reporter-output>
  </reporter-output>
  <suite name="Command line suite" duration-ms="23" started-at="2017-09-25T10:52:28Z" finished-at="2017-09-25T10:52:28Z">
    <groups>
    </groups>
    <test name="Command line test" duration-ms="23" started-at="2017-09-25T10:52:28Z" finished-at="2017-09-25T10:52:28Z">
      <class name="ElementTestNGTraitSuite">
        <test-method status="PASS" signature="verifyUniformElement()[pri:0, instance:ElementTestNGTraitSuite@29a5f4e7]" name="verifyUniformElement" duration-ms="14" started-at="2017-09-25T12:52:28Z" finished-at="2017-09-25T12:52:28Z">
          <reporter-output>
          </reporter-output>
        </test-method> <!-- verifyUniformElement -->
      </class> <!-- ElementTestNGTraitSuite -->
    </test> <!-- Command line test -->
  </suite> <!-- Command line suite -->
</testng-results>
