<?xml version='1.0' encoding='UTF-8'?>
<testsuite hostname="Lenovo-PC" name="shop.CartAsynchSpec" tests="12" errors="0" failures="2" skipped="0" time="9.666">
                     <properties>
      <property name="jline.esc.timeout" value="0"/><property name="java.runtime.name" value="Java(TM) SE Runtime Environment"/><property name="sun.boot.library.path" value="C:\Program Files (x86)\Java\jdk1.8.0_45\jre\bin"/><property name="java.vm.version" value="25.45-b02"/><property name="java.vm.vendor" value="Oracle Corporation"/><property name="java.vendor.url" value="http://java.oracle.com/"/><property name="path.separator" value=";"/><property name="java.vm.name" value="Java HotSpot(TM) Client VM"/><property name="file.encoding.pkg" value="sun.io"/><property name="user.country" value="PL"/><property name="user.script" value=""/><property name="sun.java.launcher" value="SUN_STANDARD"/><property name="sun.os.patch.level" value=""/><property name="java.vm.specification.name" value="Java Virtual Machine Specification"/><property name="user.dir" value="C:\Users\Robert\Desktop\Robert\Snippets\rx_scala_snippets\shop_lab3"/><property name="java.runtime.version" value="1.8.0_45-b14"/><property name="java.awt.graphicsenv" value="sun.awt.Win32GraphicsEnvironment"/><property name="java.endorsed.dirs" value="C:\Program Files (x86)\Java\jdk1.8.0_45\jre\lib\endorsed"/><property name="os.arch" value="x86"/><property name="java.io.tmpdir" value="C:\Users\Robert\AppData\Local\Temp\"/><property name="line.separator" value="
"/><property name="java.vm.specification.vendor" value="Oracle Corporation"/><property name="user.variant" value=""/><property name="os.name" value="Windows 8.1"/><property name="sun.jnu.encoding" value="Cp1250"/><property name="java.library.path" value="C:\Program Files (x86)\Java\jdk1.8.0_45\bin;C:\WINDOWS\Sun\Java\bin;C:\WINDOWS\system32;C:\WINDOWS;C:\Program Files (x86)\Common Files\Intel\Shared Libraries\redist\intel64\compiler;C:\Program Files\Haskell\bin;C:\Program Files\Haskell Platform\8.0.2\lib\extralibs\bin;C:\Program Files\Haskell Platform\8.0.2\bin;c:\tdm-gcc-32\bin;c:\tdm-gcc-32\libexec\gcc\i686-pc-mingw32\5.3.0;C:\Program Files (x86)\Intel\TXE Components\TCS\;C:\Program Files\Intel\TXE Components\TCS\;C:\WINDOWS\system32;C:\WINDOWS;C:\WINDOWS\System32\Wbem;C:\WINDOWS\System32\WindowsPowerShell\v1.0\;C:\Program Files (x86)\Common Files\lenovo\easyplussdk\bin;C:\Program Files (x86)\Java\jdk1.8.0_45\bin;C:\Program Files (x86)\SMLNJ\bin\;C:\Users\Robert\Desktop\Stuff\Apache ant\apache-ant-1.9.4\bin;C:\Users\Robert\Desktop\Stuff\apache-maven-3.0.5\bin;C:\Users\Robert\Desktop\Android\SDK\tools;C:\Users\Robert\Desktop\Android\SDK\platform-tools;C:\Users\Robert\Desktop\python;C:\Users\Robert\Desktop\python\Scripts;C:\Program Files (x86)\erl7.1\bin;C:\Program Files (x86)\scala\bin;C:\Program Files (x86)\Microsoft SQL Server\130\Tools\Binn\ManagementStudio\;C:\Program Files (x86)\Microsoft SQL Server\130\Tools\Binn\;C:\Program Files (x86)\Microsoft SQL Server\Client SDK\ODBC\110\Tools\Binn\;C:\Program Files (x86)\Microsoft SQL Server\130\DTS\Binn\;c:\altera\90\quartus\bin;c:\altera\90\quartus\eda\sim_lib\excalibur\swift\lib\pcnt.lib;C:\Program Files (x86)\sbt\bin;C:\Program Files (x86)\sbt\\bin;C:\Program Files\Git\cmd;C:\Program Files (x86)\gnuplot\bin;C:\Users\Robert\Desktop\Sun\mq\lib;C:\Program Files\nodejs\;C:\Program Files (x86)\Statgraphics\STATGRAPHICS Centurion XVI.II\;C:\Program Files (x86)\Windows Live\Shared;C:\Program Files (x86)\MiKTeX 2.9\miktex\bin\;C:\masm32\bin;C:\Program Files (x86)\Windows Kits\10\Windows Performance Toolkit\;C:\WINDOWS\SysWOW64\WindowsPowerShell\v1.0\Modules\TShell\TShell\;C:\Users\Robert\Desktop\Robert\agh\python;C:\Users\Robert\Desktop\Robert\agh\python\Scripts;C:\Program Files\Microsoft SQL Server\Client SDK\ODBC\130\Tools\Binn\;C:\Program Files\Microsoft SQL Server\130\Tools\Binn\;C:\Program Files\Microsoft SQL Server\130\DTS\Binn\;C:\Program Files\Microsoft SQL Server\120\Tools\Binn\;C:\Program Files\Haskell Platform\8.0.2\mingw\bin;C:\Program Files (x86)\Bitvise SSH Client;C:\Users\Robert\Desktop\Robert\systemScripts;C:\Program Files (x86)\ZeroC\Ice-3.6.3\bin;C:\Users\Robert\Desktop\Robert\Stuff\apache-maven-3.5.0\bin;C:\Program Files (x86)\Nmap;C:\Users\Robert\Desktop\Robert\Stuff\gradle\gradle-3.5\bin;C:\Graphviz2.38\bin;."/><property name="java.specification.name" value="Java Platform API Specification"/><property name="java.class.version" value="52.0"/><property name="sun.management.compiler" value="HotSpot Client Compiler"/><property name="os.version" value="6.3"/><property name="user.home" value="C:\Users\Robert"/><property name="user.timezone" value="Europe/Belgrade"/><property name="java.awt.printerjob" value="sun.awt.windows.WPrinterJob"/><property name="file.encoding" value="Cp1250"/><property name="java.specification.version" value="1.8"/><property name="sbt.log.format" value="true"/><property name="java.class.path" value="C:\Program Files (x86)\sbt\bin\sbt-launch.jar"/><property name="user.name" value="Robert"/><property name="jline.shutdownhook" value="false"/><property name="java.vm.specification.version" value="1.8"/><property name="sun.java.command" value="xsbt.boot.Boot test"/><property name="java.home" value="C:\Program Files (x86)\Java\jdk1.8.0_45\jre"/><property name="sun.arch.data.model" value="32"/><property name="user.language" value="pl"/><property name="java.specification.vendor" value="Oracle Corporation"/><property name="awt.toolkit" value="sun.awt.windows.WToolkit"/><property name="java.vm.info" value="mixed mode"/><property name="java.version" value="1.8.0_45"/><property name="java.ext.dirs" value="C:\Program Files (x86)\Java\jdk1.8.0_45\jre\lib\ext;C:\WINDOWS\Sun\Java\lib\ext"/><property name="sun.boot.class.path" value="C:\Program Files (x86)\Java\jdk1.8.0_45\jre\lib\resources.jar;C:\Program Files (x86)\Java\jdk1.8.0_45\jre\lib\rt.jar;C:\Program Files (x86)\Java\jdk1.8.0_45\jre\lib\sunrsasign.jar;C:\Program Files (x86)\Java\jdk1.8.0_45\jre\lib\jsse.jar;C:\Program Files (x86)\Java\jdk1.8.0_45\jre\lib\jce.jar;C:\Program Files (x86)\Java\jdk1.8.0_45\jre\lib\charsets.jar;C:\Program Files (x86)\Java\jdk1.8.0_45\jre\lib\jfr.jar;C:\Program Files (x86)\Java\jdk1.8.0_45\jre\classes"/><property name="java.vendor" value="Oracle Corporation"/><property name="sun.stderr.encoding" value="cp852"/><property name="file.separator" value="\"/><property name="java.vendor.url.bug" value="http://bugreport.sun.com/bugreport/"/><property name="sun.io.unicode.encoding" value="UnicodeLittle"/><property name="sun.cpu.endian" value="little"/><property name="sun.stdout.encoding" value="cp852"/><property name="sun.desktop" value="windows"/><property name="sun.cpu.isalist" value="pentium_pro+mmx pentium_pro pentium+mmx pentium i486 i386 i86"/>
    </properties>
                     <testcase classname="shop.CartAsynchSpec" name="A Cart must be empty at start" time="0.17">
                                                 
                                               </testcase><testcase classname="shop.CartAsynchSpec" name="A Cart must increase the number of items inside it by one and become non empty" time="0.02">
                                                 
                                               </testcase><testcase classname="shop.CartAsynchSpec" name="A Cart must increase the number of items inside it by one and become non empty, decrease, become empty again" time="0.031">
                                                 
                                               </testcase><testcase classname="shop.CartAsynchSpec" name="A Cart must increase the number of items inside it by one, become non empty, increase again, and stay non empty" time="0.031">
                                                 
                                               </testcase><testcase classname="shop.CartAsynchSpec" name="A Cart must increase by two, become nonempty, decrease by one, stay nonempty" time="0.05">
                                                 
                                               </testcase><testcase classname="shop.CartAsynchSpec" name="A Cart must increase by two, become nonempty, decrease by one, stay nonempty, decrease by one, become empty again" time="0.04">
                                                 
                                               </testcase><testcase classname="shop.CartAsynchSpec" name="A Cart must in the nonempty state, become empty after the carttimer expired" time="3.006">
                                                 
                                               </testcase><testcase classname="shop.CartAsynchSpec" name="A Cart must in the nonempty state, refresh timer just before  the carttimer expiring, and stay nonempty after an immediate check" time="1.015">
                                                 
                                               </testcase><testcase classname="shop.CartAsynchSpec" name="A Cart must in the empty state, ignore startcheckout msg" time="0.01">
                                                 
                                               </testcase><testcase classname="shop.CartAsynchSpec" name="A Cart must in the checkout state, after checkouttimer expired, become nonempty (checkout cancelled) with the same amount of items as before checkout" time="0.26">
                                                 <failure message="assertion failed: expected 1, found 0" type="java.lang.AssertionError">java.lang.AssertionError: assertion failed: expected 1, found 0
	at scala.Predef$.assert(Predef.scala:219)
	at akka.testkit.TestKitBase.expectMsg_internal(TestKit.scala:402)
	at akka.testkit.TestKitBase.expectMsg(TestKit.scala:378)
	at akka.testkit.TestKitBase.expectMsg$(TestKit.scala:378)
	at akka.testkit.TestKit.expectMsg(TestKit.scala:881)
	at shop.CartAsynchSpec.expect$1(CartAsynchSpec.scala:32)
	at shop.CartAsynchSpec.$anonfun$new$11(CartAsynchSpec.scala:100)
	at shop.CartAsynchSpec$$Lambda$3916/1952303.apply$mcV$sp(Unknown Source)
	at scala.runtime.java8.JFunction0$mcV$sp.apply(JFunction0$mcV$sp.java:12)
	at org.scalatest.OutcomeOf.outcomeOf(OutcomeOf.scala:85)
	at org.scalatest.OutcomeOf.outcomeOf$(OutcomeOf.scala:83)
	at org.scalatest.OutcomeOf$.outcomeOf(OutcomeOf.scala:104)
	at org.scalatest.Transformer.apply(Transformer.scala:22)
	at org.scalatest.Transformer.apply(Transformer.scala:20)
	at org.scalatest.WordSpecLike$$anon$1.apply(WordSpecLike.scala:1078)
	at org.scalatest.TestSuite.withFixture(TestSuite.scala:196)
	at org.scalatest.TestSuite.withFixture$(TestSuite.scala:195)
	at shop.CartAsynchSpec.withFixture(CartAsynchSpec.scala:9)
	at org.scalatest.WordSpecLike.invokeWithFixture$1(WordSpecLike.scala:1076)
	at org.scalatest.WordSpecLike.$anonfun$runTest$1(WordSpecLike.scala:1088)
	at org.scalatest.WordSpecLike$$Lambda$3965/4015471.apply(Unknown Source)
	at org.scalatest.SuperEngine.runTestImpl(Engine.scala:289)
	at org.scalatest.WordSpecLike.runTest(WordSpecLike.scala:1088)
	at org.scalatest.WordSpecLike.runTest$(WordSpecLike.scala:1070)
	at shop.CartAsynchSpec.runTest(CartAsynchSpec.scala:9)
	at org.scalatest.WordSpecLike.$anonfun$runTests$1(WordSpecLike.scala:1147)
	at org.scalatest.WordSpecLike$$Lambda$3961/19891252.apply(Unknown Source)
	at org.scalatest.SuperEngine.$anonfun$runTestsInBranch$1(Engine.scala:396)
	at org.scalatest.SuperEngine$$Lambda$3962/6609635.apply(Unknown Source)
	at scala.collection.immutable.List.foreach(List.scala:389)
	at org.scalatest.SuperEngine.traverseSubNodes$1(Engine.scala:384)
	at org.scalatest.SuperEngine.runTestsInBranch(Engine.scala:373)
	at org.scalatest.SuperEngine.$anonfun$runTestsInBranch$1(Engine.scala:410)
	at org.scalatest.SuperEngine$$Lambda$3962/6609635.apply(Unknown Source)
	at scala.collection.immutable.List.foreach(List.scala:389)
	at org.scalatest.SuperEngine.traverseSubNodes$1(Engine.scala:384)
	at org.scalatest.SuperEngine.runTestsInBranch(Engine.scala:379)
	at org.scalatest.SuperEngine.runTestsImpl(Engine.scala:461)
	at org.scalatest.WordSpecLike.runTests(WordSpecLike.scala:1147)
	at org.scalatest.WordSpecLike.runTests$(WordSpecLike.scala:1146)
	at shop.CartAsynchSpec.runTests(CartAsynchSpec.scala:9)
	at org.scalatest.Suite.run(Suite.scala:1147)
	at org.scalatest.Suite.run$(Suite.scala:1129)
	at shop.CartAsynchSpec.org$scalatest$WordSpecLike$$super$run(CartAsynchSpec.scala:9)
	at org.scalatest.WordSpecLike.$anonfun$run$1(WordSpecLike.scala:1192)
	at org.scalatest.WordSpecLike$$Lambda$3954/14137628.apply(Unknown Source)
	at org.scalatest.SuperEngine.runImpl(Engine.scala:521)
	at org.scalatest.WordSpecLike.run(WordSpecLike.scala:1192)
	at org.scalatest.WordSpecLike.run$(WordSpecLike.scala:1190)
	at shop.CartAsynchSpec.org$scalatest$BeforeAndAfterAll$$super$run(CartAsynchSpec.scala:9)
	at org.scalatest.BeforeAndAfterAll.liftedTree1$1(BeforeAndAfterAll.scala:213)
	at org.scalatest.BeforeAndAfterAll.run(BeforeAndAfterAll.scala:210)
	at org.scalatest.BeforeAndAfterAll.run$(BeforeAndAfterAll.scala:208)
	at shop.CartAsynchSpec.run(CartAsynchSpec.scala:9)
	at org.scalatest.tools.Framework.org$scalatest$tools$Framework$$runSuite(Framework.scala:314)
	at org.scalatest.tools.Framework$ScalaTestTask.execute(Framework.scala:507)
	at sbt.TestRunner.runTest$1(TestFramework.scala:102)
	at sbt.TestRunner.run(TestFramework.scala:113)
	at sbt.TestFramework$$anon$2$$anonfun$$lessinit$greater$1.$anonfun$apply$1(TestFramework.scala:258)
	at sbt.TestFramework$$anon$2$$anonfun$$lessinit$greater$1$$Lambda$3664/6162959.apply(Unknown Source)
	at sbt.TestFramework$.sbt$TestFramework$$withContextLoader(TestFramework.scala:229)
	at sbt.TestFramework$$anon$2$$anonfun$$lessinit$greater$1.apply(TestFramework.scala:258)
	at sbt.TestFramework$$anon$2$$anonfun$$lessinit$greater$1.apply(TestFramework.scala:258)
	at sbt.TestFunction.apply(TestFramework.scala:267)
	at sbt.Tests$.$anonfun$toTask$1(Tests.scala:276)
	at sbt.Tests$$$Lambda$3646/30169030.apply(Unknown Source)
	at sbt.std.Transform$$anon$3.$anonfun$apply$2(System.scala:44)
	at sbt.std.Transform$$anon$3$$Lambda$1796/8741964.apply(Unknown Source)
	at sbt.std.Transform$$anon$4.work(System.scala:64)
	at sbt.Execute.$anonfun$submit$2(Execute.scala:257)
	at sbt.Execute$$Lambda$1810/29143649.apply(Unknown Source)
	at sbt.internal.util.ErrorHandling$.wideConvert(ErrorHandling.scala:16)
	at sbt.Execute.work(Execute.scala:266)
	at sbt.Execute.$anonfun$submit$1(Execute.scala:257)
	at sbt.Execute$$Lambda$1798/27272352.apply(Unknown Source)
	at sbt.ConcurrentRestrictions$$anon$4.$anonfun$submitValid$1(ConcurrentRestrictions.scala:167)
	at sbt.ConcurrentRestrictions$$anon$4$$Lambda$1805/9440794.apply(Unknown Source)
	at sbt.CompletionService$$anon$2.call(CompletionService.scala:32)
	at java.util.concurrent.FutureTask.run(FutureTask.java:266)
	at java.util.concurrent.Executors$RunnableAdapter.call(Executors.java:511)
	at java.util.concurrent.FutureTask.run(FutureTask.java:266)
	at java.util.concurrent.ThreadPoolExecutor.runWorker(ThreadPoolExecutor.java:1142)
	at java.util.concurrent.ThreadPoolExecutor$Worker.run(ThreadPoolExecutor.java:617)
	at java.lang.Thread.run(Thread.java:745)
</failure>
                                               </testcase><testcase classname="shop.CartAsynchSpec" name="A Cart must in the checkout state, after checkouttimer + carttimer expired, become empty" time="5.006">
                                                 
                                               </testcase><testcase classname="shop.CartAsynchSpec" name="A Cart must in the nonempty state, become InCheckout after appropriate msg" time="0.027">
                                                 <failure message="assertion failed: expected 1, found 0" type="java.lang.AssertionError">java.lang.AssertionError: assertion failed: expected 1, found 0
	at scala.Predef$.assert(Predef.scala:219)
	at akka.testkit.TestKitBase.expectMsg_internal(TestKit.scala:402)
	at akka.testkit.TestKitBase.expectMsg(TestKit.scala:378)
	at akka.testkit.TestKitBase.expectMsg$(TestKit.scala:378)
	at akka.testkit.TestKit.expectMsg(TestKit.scala:881)
	at shop.CartAsynchSpec.expect$1(CartAsynchSpec.scala:32)
	at shop.CartAsynchSpec.$anonfun$new$13(CartAsynchSpec.scala:117)
	at shop.CartAsynchSpec$$Lambda$3920/6777130.apply$mcV$sp(Unknown Source)
	at scala.runtime.java8.JFunction0$mcV$sp.apply(JFunction0$mcV$sp.java:12)
	at org.scalatest.OutcomeOf.outcomeOf(OutcomeOf.scala:85)
	at org.scalatest.OutcomeOf.outcomeOf$(OutcomeOf.scala:83)
	at org.scalatest.OutcomeOf$.outcomeOf(OutcomeOf.scala:104)
	at org.scalatest.Transformer.apply(Transformer.scala:22)
	at org.scalatest.Transformer.apply(Transformer.scala:20)
	at org.scalatest.WordSpecLike$$anon$1.apply(WordSpecLike.scala:1078)
	at org.scalatest.TestSuite.withFixture(TestSuite.scala:196)
	at org.scalatest.TestSuite.withFixture$(TestSuite.scala:195)
	at shop.CartAsynchSpec.withFixture(CartAsynchSpec.scala:9)
	at org.scalatest.WordSpecLike.invokeWithFixture$1(WordSpecLike.scala:1076)
	at org.scalatest.WordSpecLike.$anonfun$runTest$1(WordSpecLike.scala:1088)
	at org.scalatest.WordSpecLike$$Lambda$3965/4015471.apply(Unknown Source)
	at org.scalatest.SuperEngine.runTestImpl(Engine.scala:289)
	at org.scalatest.WordSpecLike.runTest(WordSpecLike.scala:1088)
	at org.scalatest.WordSpecLike.runTest$(WordSpecLike.scala:1070)
	at shop.CartAsynchSpec.runTest(CartAsynchSpec.scala:9)
	at org.scalatest.WordSpecLike.$anonfun$runTests$1(WordSpecLike.scala:1147)
	at org.scalatest.WordSpecLike$$Lambda$3961/19891252.apply(Unknown Source)
	at org.scalatest.SuperEngine.$anonfun$runTestsInBranch$1(Engine.scala:396)
	at org.scalatest.SuperEngine$$Lambda$3962/6609635.apply(Unknown Source)
	at scala.collection.immutable.List.foreach(List.scala:389)
	at org.scalatest.SuperEngine.traverseSubNodes$1(Engine.scala:384)
	at org.scalatest.SuperEngine.runTestsInBranch(Engine.scala:373)
	at org.scalatest.SuperEngine.$anonfun$runTestsInBranch$1(Engine.scala:410)
	at org.scalatest.SuperEngine$$Lambda$3962/6609635.apply(Unknown Source)
	at scala.collection.immutable.List.foreach(List.scala:389)
	at org.scalatest.SuperEngine.traverseSubNodes$1(Engine.scala:384)
	at org.scalatest.SuperEngine.runTestsInBranch(Engine.scala:379)
	at org.scalatest.SuperEngine.runTestsImpl(Engine.scala:461)
	at org.scalatest.WordSpecLike.runTests(WordSpecLike.scala:1147)
	at org.scalatest.WordSpecLike.runTests$(WordSpecLike.scala:1146)
	at shop.CartAsynchSpec.runTests(CartAsynchSpec.scala:9)
	at org.scalatest.Suite.run(Suite.scala:1147)
	at org.scalatest.Suite.run$(Suite.scala:1129)
	at shop.CartAsynchSpec.org$scalatest$WordSpecLike$$super$run(CartAsynchSpec.scala:9)
	at org.scalatest.WordSpecLike.$anonfun$run$1(WordSpecLike.scala:1192)
	at org.scalatest.WordSpecLike$$Lambda$3954/14137628.apply(Unknown Source)
	at org.scalatest.SuperEngine.runImpl(Engine.scala:521)
	at org.scalatest.WordSpecLike.run(WordSpecLike.scala:1192)
	at org.scalatest.WordSpecLike.run$(WordSpecLike.scala:1190)
	at shop.CartAsynchSpec.org$scalatest$BeforeAndAfterAll$$super$run(CartAsynchSpec.scala:9)
	at org.scalatest.BeforeAndAfterAll.liftedTree1$1(BeforeAndAfterAll.scala:213)
	at org.scalatest.BeforeAndAfterAll.run(BeforeAndAfterAll.scala:210)
	at org.scalatest.BeforeAndAfterAll.run$(BeforeAndAfterAll.scala:208)
	at shop.CartAsynchSpec.run(CartAsynchSpec.scala:9)
	at org.scalatest.tools.Framework.org$scalatest$tools$Framework$$runSuite(Framework.scala:314)
	at org.scalatest.tools.Framework$ScalaTestTask.execute(Framework.scala:507)
	at sbt.TestRunner.runTest$1(TestFramework.scala:102)
	at sbt.TestRunner.run(TestFramework.scala:113)
	at sbt.TestFramework$$anon$2$$anonfun$$lessinit$greater$1.$anonfun$apply$1(TestFramework.scala:258)
	at sbt.TestFramework$$anon$2$$anonfun$$lessinit$greater$1$$Lambda$3664/6162959.apply(Unknown Source)
	at sbt.TestFramework$.sbt$TestFramework$$withContextLoader(TestFramework.scala:229)
	at sbt.TestFramework$$anon$2$$anonfun$$lessinit$greater$1.apply(TestFramework.scala:258)
	at sbt.TestFramework$$anon$2$$anonfun$$lessinit$greater$1.apply(TestFramework.scala:258)
	at sbt.TestFunction.apply(TestFramework.scala:267)
	at sbt.Tests$.$anonfun$toTask$1(Tests.scala:276)
	at sbt.Tests$$$Lambda$3646/30169030.apply(Unknown Source)
	at sbt.std.Transform$$anon$3.$anonfun$apply$2(System.scala:44)
	at sbt.std.Transform$$anon$3$$Lambda$1796/8741964.apply(Unknown Source)
	at sbt.std.Transform$$anon$4.work(System.scala:64)
	at sbt.Execute.$anonfun$submit$2(Execute.scala:257)
	at sbt.Execute$$Lambda$1810/29143649.apply(Unknown Source)
	at sbt.internal.util.ErrorHandling$.wideConvert(ErrorHandling.scala:16)
	at sbt.Execute.work(Execute.scala:266)
	at sbt.Execute.$anonfun$submit$1(Execute.scala:257)
	at sbt.Execute$$Lambda$1798/27272352.apply(Unknown Source)
	at sbt.ConcurrentRestrictions$$anon$4.$anonfun$submitValid$1(ConcurrentRestrictions.scala:167)
	at sbt.ConcurrentRestrictions$$anon$4$$Lambda$1805/9440794.apply(Unknown Source)
	at sbt.CompletionService$$anon$2.call(CompletionService.scala:32)
	at java.util.concurrent.FutureTask.run(FutureTask.java:266)
	at java.util.concurrent.Executors$RunnableAdapter.call(Executors.java:511)
	at java.util.concurrent.FutureTask.run(FutureTask.java:266)
	at java.util.concurrent.ThreadPoolExecutor.runWorker(ThreadPoolExecutor.java:1142)
	at java.util.concurrent.ThreadPoolExecutor$Worker.run(ThreadPoolExecutor.java:617)
	at java.lang.Thread.run(Thread.java:745)
</failure>
                                               </testcase>
                     <system-out><![CDATA[]]></system-out>
                     <system-err><![CDATA[]]></system-err>
                   </testsuite>