<?xml version='1.0' encoding='UTF-8'?>
<testsuite hostname="Lenovo-PC" name="shop.CartAsynchSpec" tests="12" errors="0" failures="2" skipped="0" time="9.666">
                     <properties>
[...]
</properties>
                     <testcase classname="shop.CartAsynchSpec" name="A Cart must be empty at start" time="0.17">
                                                 
                                               </testcase><testcase classname="shop.CartAsynchSpec" name="A Cart must increase the number of items inside it by one and become non empty" time="0.02">
                                                 
                                               </testcase><testcase classname="shop.CartAsynchSpec" name="A Cart must increase the number of items inside it by one and become non empty, decrease, become empty again" time="0.031">
                                                 
                                               </testcase><testcase classname="shop.CartAsynchSpec" name="A Cart must increase the number of items inside it by one, become non empty, increase again, and stay non empty" time="0.031">
                                                 
                                               </testcase><testcase classname="shop.CartAsynchSpec" name="A Cart must increase by two, become nonempty, decrease by one, stay nonempty" time="0.05">
                                                 
                                               </testcase><testcase classname="shop.CartAsynchSpec" name="A Cart must increase by two, become nonempty, decrease by one, stay nonempty, decrease by one, become empty again" time="0.04">
                                                 
                                               </testcase><testcase classname="shop.CartAsynchSpec" name="A Cart must in the nonempty state, become empty after the carttimer expired" time="3.006">
                                                 
                                               </testcase><testcase classname="shop.CartAsynchSpec" name="A Cart must in the nonempty state, refresh timer just before  the carttimer expiring, and stay nonempty after an immediate check" time="1.015">
                                                 
                                               </testcase><testcase classname="shop.CartAsynchSpec" name="A Cart must in the empty state, ignore startcheckout msg" time="0.01">
                                                 
                                               </testcase><testcase classname="shop.CartAsynchSpec" name="A Cart must in the checkout state, after checkouttimer expired, become nonempty (checkout cancelled) with the same amount of items as before checkout" time="0.26">
                                                 <failure message="assertion failed: expected 1, found 0" type="java.lang.AssertionError">java.lang.AssertionError: assertion failed: expected 1, found 0
	at scala.Predef$.assert(Predef.scala:219)
	at akka.testkit.TestKitBase.expectMsg_internal(TestKit.scala:402)
	at akka.testkit.TestKitBase.expectMsg(TestKit.scala:378)
	at akka.testkit.TestKitBase.expectMsg$(TestKit.scala:378)
	at akka.testkit.TestKit.expectMsg(TestKit.scala:881)
	at shop.CartAsynchSpec.expect$1(CartAsynchSpec.scala:32)
	at shop.CartAsynchSpec.$anonfun$new$11(CartAsynchSpec.scala:100)
	at shop.CartAsynchSpec$$Lambda$3916/1952303.apply$mcV$sp(Unknown Source)
	at scala.runtime.java8.JFunction0$mcV$sp.apply(JFunction0$mcV$sp.java:12)
	at org.scalatest.OutcomeOf.outcomeOf(OutcomeOf.scala:85)
	at org.scalatest.OutcomeOf.outcomeOf$(OutcomeOf.scala:83)
	at org.scalatest.OutcomeOf$.outcomeOf(OutcomeOf.scala:104)
	at org.scalatest.Transformer.apply(Transformer.scala:22)
	at org.scalatest.Transformer.apply(Transformer.scala:20)
	at org.scalatest.WordSpecLike$$anon$1.apply(WordSpecLike.scala:1078)
	at org.scalatest.TestSuite.withFixture(TestSuite.scala:196)
	at org.scalatest.TestSuite.withFixture$(TestSuite.scala:195)
	at shop.CartAsynchSpec.withFixture(CartAsynchSpec.scala:9)
	at org.scalatest.WordSpecLike.invokeWithFixture$1(WordSpecLike.scala:1076)
	at org.scalatest.WordSpecLike.$anonfun$runTest$1(WordSpecLike.scala:1088)
	at org.scalatest.WordSpecLike$$Lambda$3965/4015471.apply(Unknown Source)
	at org.scalatest.SuperEngine.runTestImpl(Engine.scala:289)
	at org.scalatest.WordSpecLike.runTest(WordSpecLike.scala:1088)
	at org.scalatest.WordSpecLike.runTest$(WordSpecLike.scala:1070)
	at shop.CartAsynchSpec.runTest(CartAsynchSpec.scala:9)
	at org.scalatest.WordSpecLike.$anonfun$runTests$1(WordSpecLike.scala:1147)
	at org.scalatest.WordSpecLike$$Lambda$3961/19891252.apply(Unknown Source)
	at org.scalatest.SuperEngine.$anonfun$runTestsInBranch$1(Engine.scala:396)
	at org.scalatest.SuperEngine$$Lambda$3962/6609635.apply(Unknown Source)
	at scala.collection.immutable.List.foreach(List.scala:389)
	at org.scalatest.SuperEngine.traverseSubNodes$1(Engine.scala:384)
	at org.scalatest.SuperEngine.runTestsInBranch(Engine.scala:373)
	at org.scalatest.SuperEngine.$anonfun$runTestsInBranch$1(Engine.scala:410)
	at org.scalatest.SuperEngine$$Lambda$3962/6609635.apply(Unknown Source)
	at scala.collection.immutable.List.foreach(List.scala:389)
	at org.scalatest.SuperEngine.traverseSubNodes$1(Engine.scala:384)
	at org.scalatest.SuperEngine.runTestsInBranch(Engine.scala:379)
	at org.scalatest.SuperEngine.runTestsImpl(Engine.scala:461)
	at org.scalatest.WordSpecLike.runTests(WordSpecLike.scala:1147)
	at org.scalatest.WordSpecLike.runTests$(WordSpecLike.scala:1146)
	at shop.CartAsynchSpec.runTests(CartAsynchSpec.scala:9)
	at org.scalatest.Suite.run(Suite.scala:1147)
	at org.scalatest.Suite.run$(Suite.scala:1129)
	at shop.CartAsynchSpec.org$scalatest$WordSpecLike$$super$run(CartAsynchSpec.scala:9)
	at org.scalatest.WordSpecLike.$anonfun$run$1(WordSpecLike.scala:1192)
	at org.scalatest.WordSpecLike$$Lambda$3954/14137628.apply(Unknown Source)
	at org.scalatest.SuperEngine.runImpl(Engine.scala:521)
	at org.scalatest.WordSpecLike.run(WordSpecLike.scala:1192)
	at org.scalatest.WordSpecLike.run$(WordSpecLike.scala:1190)
	at shop.CartAsynchSpec.org$scalatest$BeforeAndAfterAll$$super$run(CartAsynchSpec.scala:9)
	at org.scalatest.BeforeAndAfterAll.liftedTree1$1(BeforeAndAfterAll.scala:213)
	at org.scalatest.BeforeAndAfterAll.run(BeforeAndAfterAll.scala:210)
	at org.scalatest.BeforeAndAfterAll.run$(BeforeAndAfterAll.scala:208)
	at shop.CartAsynchSpec.run(CartAsynchSpec.scala:9)
	at org.scalatest.tools.Framework.org$scalatest$tools$Framework$$runSuite(Framework.scala:314)
	at org.scalatest.tools.Framework$ScalaTestTask.execute(Framework.scala:507)
	at sbt.TestRunner.runTest$1(TestFramework.scala:102)
	at sbt.TestRunner.run(TestFramework.scala:113)
	at sbt.TestFramework$$anon$2$$anonfun$$lessinit$greater$1.$anonfun$apply$1(TestFramework.scala:258)
	at sbt.TestFramework$$anon$2$$anonfun$$lessinit$greater$1$$Lambda$3664/6162959.apply(Unknown Source)
	at sbt.TestFramework$.sbt$TestFramework$$withContextLoader(TestFramework.scala:229)
	at sbt.TestFramework$$anon$2$$anonfun$$lessinit$greater$1.apply(TestFramework.scala:258)
	at sbt.TestFramework$$anon$2$$anonfun$$lessinit$greater$1.apply(TestFramework.scala:258)
	at sbt.TestFunction.apply(TestFramework.scala:267)
	at sbt.Tests$.$anonfun$toTask$1(Tests.scala:276)
	at sbt.Tests$$$Lambda$3646/30169030.apply(Unknown Source)
	at sbt.std.Transform$$anon$3.$anonfun$apply$2(System.scala:44)
	at sbt.std.Transform$$anon$3$$Lambda$1796/8741964.apply(Unknown Source)
	at sbt.std.Transform$$anon$4.work(System.scala:64)
	at sbt.Execute.$anonfun$submit$2(Execute.scala:257)
	at sbt.Execute$$Lambda$1810/29143649.apply(Unknown Source)
	at sbt.internal.util.ErrorHandling$.wideConvert(ErrorHandling.scala:16)
	at sbt.Execute.work(Execute.scala:266)
	at sbt.Execute.$anonfun$submit$1(Execute.scala:257)
	at sbt.Execute$$Lambda$1798/27272352.apply(Unknown Source)
	at sbt.ConcurrentRestrictions$$anon$4.$anonfun$submitValid$1(ConcurrentRestrictions.scala:167)
	at sbt.ConcurrentRestrictions$$anon$4$$Lambda$1805/9440794.apply(Unknown Source)
	at sbt.CompletionService$$anon$2.call(CompletionService.scala:32)
	at java.util.concurrent.FutureTask.run(FutureTask.java:266)
	at java.util.concurrent.Executors$RunnableAdapter.call(Executors.java:511)
	at java.util.concurrent.FutureTask.run(FutureTask.java:266)
	at java.util.concurrent.ThreadPoolExecutor.runWorker(ThreadPoolExecutor.java:1142)
	at java.util.concurrent.ThreadPoolExecutor$Worker.run(ThreadPoolExecutor.java:617)
	at java.lang.Thread.run(Thread.java:745)
</failure>
                                               </testcase><testcase classname="shop.CartAsynchSpec" name="A Cart must in the checkout state, after checkouttimer + carttimer expired, become empty" time="5.006">
                                                 
                                               </testcase><testcase classname="shop.CartAsynchSpec" name="A Cart must in the nonempty state, become InCheckout after appropriate msg" time="0.027">
                                                 <failure message="assertion failed: expected 1, found 0" type="java.lang.AssertionError">java.lang.AssertionError: assertion failed: expected 1, found 0
	at scala.Predef$.assert(Predef.scala:219)
	at akka.testkit.TestKitBase.expectMsg_internal(TestKit.scala:402)
	at akka.testkit.TestKitBase.expectMsg(TestKit.scala:378)
	at akka.testkit.TestKitBase.expectMsg$(TestKit.scala:378)
	at akka.testkit.TestKit.expectMsg(TestKit.scala:881)
	at shop.CartAsynchSpec.expect$1(CartAsynchSpec.scala:32)
	at shop.CartAsynchSpec.$anonfun$new$13(CartAsynchSpec.scala:117)
	at shop.CartAsynchSpec$$Lambda$3920/6777130.apply$mcV$sp(Unknown Source)
	at scala.runtime.java8.JFunction0$mcV$sp.apply(JFunction0$mcV$sp.java:12)
	at org.scalatest.OutcomeOf.outcomeOf(OutcomeOf.scala:85)
	at org.scalatest.OutcomeOf.outcomeOf$(OutcomeOf.scala:83)
	at org.scalatest.OutcomeOf$.outcomeOf(OutcomeOf.scala:104)
	at org.scalatest.Transformer.apply(Transformer.scala:22)
	at org.scalatest.Transformer.apply(Transformer.scala:20)
	at org.scalatest.WordSpecLike$$anon$1.apply(WordSpecLike.scala:1078)
	at org.scalatest.TestSuite.withFixture(TestSuite.scala:196)
	at org.scalatest.TestSuite.withFixture$(TestSuite.scala:195)
	at shop.CartAsynchSpec.withFixture(CartAsynchSpec.scala:9)
	at org.scalatest.WordSpecLike.invokeWithFixture$1(WordSpecLike.scala:1076)
	at org.scalatest.WordSpecLike.$anonfun$runTest$1(WordSpecLike.scala:1088)
	at org.scalatest.WordSpecLike$$Lambda$3965/4015471.apply(Unknown Source)
	at org.scalatest.SuperEngine.runTestImpl(Engine.scala:289)
	at org.scalatest.WordSpecLike.runTest(WordSpecLike.scala:1088)
	at org.scalatest.WordSpecLike.runTest$(WordSpecLike.scala:1070)
	at shop.CartAsynchSpec.runTest(CartAsynchSpec.scala:9)
	at org.scalatest.WordSpecLike.$anonfun$runTests$1(WordSpecLike.scala:1147)
	at org.scalatest.WordSpecLike$$Lambda$3961/19891252.apply(Unknown Source)
	at org.scalatest.SuperEngine.$anonfun$runTestsInBranch$1(Engine.scala:396)
	at org.scalatest.SuperEngine$$Lambda$3962/6609635.apply(Unknown Source)
	at scala.collection.immutable.List.foreach(List.scala:389)
	at org.scalatest.SuperEngine.traverseSubNodes$1(Engine.scala:384)
	at org.scalatest.SuperEngine.runTestsInBranch(Engine.scala:373)
	at org.scalatest.SuperEngine.$anonfun$runTestsInBranch$1(Engine.scala:410)
	at org.scalatest.SuperEngine$$Lambda$3962/6609635.apply(Unknown Source)
	at scala.collection.immutable.List.foreach(List.scala:389)
	at org.scalatest.SuperEngine.traverseSubNodes$1(Engine.scala:384)
	at org.scalatest.SuperEngine.runTestsInBranch(Engine.scala:379)
	at org.scalatest.SuperEngine.runTestsImpl(Engine.scala:461)
	at org.scalatest.WordSpecLike.runTests(WordSpecLike.scala:1147)
	at org.scalatest.WordSpecLike.runTests$(WordSpecLike.scala:1146)
	at shop.CartAsynchSpec.runTests(CartAsynchSpec.scala:9)
	at org.scalatest.Suite.run(Suite.scala:1147)
	at org.scalatest.Suite.run$(Suite.scala:1129)
	at shop.CartAsynchSpec.org$scalatest$WordSpecLike$$super$run(CartAsynchSpec.scala:9)
	at org.scalatest.WordSpecLike.$anonfun$run$1(WordSpecLike.scala:1192)
	at org.scalatest.WordSpecLike$$Lambda$3954/14137628.apply(Unknown Source)
	at org.scalatest.SuperEngine.runImpl(Engine.scala:521)
	at org.scalatest.WordSpecLike.run(WordSpecLike.scala:1192)
	at org.scalatest.WordSpecLike.run$(WordSpecLike.scala:1190)
	at shop.CartAsynchSpec.org$scalatest$BeforeAndAfterAll$$super$run(CartAsynchSpec.scala:9)
	at org.scalatest.BeforeAndAfterAll.liftedTree1$1(BeforeAndAfterAll.scala:213)
	at org.scalatest.BeforeAndAfterAll.run(BeforeAndAfterAll.scala:210)
	at org.scalatest.BeforeAndAfterAll.run$(BeforeAndAfterAll.scala:208)
	at shop.CartAsynchSpec.run(CartAsynchSpec.scala:9)
	at org.scalatest.tools.Framework.org$scalatest$tools$Framework$$runSuite(Framework.scala:314)
	at org.scalatest.tools.Framework$ScalaTestTask.execute(Framework.scala:507)
	at sbt.TestRunner.runTest$1(TestFramework.scala:102)
	at sbt.TestRunner.run(TestFramework.scala:113)
	at sbt.TestFramework$$anon$2$$anonfun$$lessinit$greater$1.$anonfun$apply$1(TestFramework.scala:258)
	at sbt.TestFramework$$anon$2$$anonfun$$lessinit$greater$1$$Lambda$3664/6162959.apply(Unknown Source)
	at sbt.TestFramework$.sbt$TestFramework$$withContextLoader(TestFramework.scala:229)
	at sbt.TestFramework$$anon$2$$anonfun$$lessinit$greater$1.apply(TestFramework.scala:258)
	at sbt.TestFramework$$anon$2$$anonfun$$lessinit$greater$1.apply(TestFramework.scala:258)
	at sbt.TestFunction.apply(TestFramework.scala:267)
	at sbt.Tests$.$anonfun$toTask$1(Tests.scala:276)
	at sbt.Tests$$$Lambda$3646/30169030.apply(Unknown Source)
	at sbt.std.Transform$$anon$3.$anonfun$apply$2(System.scala:44)
	at sbt.std.Transform$$anon$3$$Lambda$1796/8741964.apply(Unknown Source)
	at sbt.std.Transform$$anon$4.work(System.scala:64)
	at sbt.Execute.$anonfun$submit$2(Execute.scala:257)
	at sbt.Execute$$Lambda$1810/29143649.apply(Unknown Source)
	at sbt.internal.util.ErrorHandling$.wideConvert(ErrorHandling.scala:16)
	at sbt.Execute.work(Execute.scala:266)
	at sbt.Execute.$anonfun$submit$1(Execute.scala:257)
	at sbt.Execute$$Lambda$1798/27272352.apply(Unknown Source)
	at sbt.ConcurrentRestrictions$$anon$4.$anonfun$submitValid$1(ConcurrentRestrictions.scala:167)
	at sbt.ConcurrentRestrictions$$anon$4$$Lambda$1805/9440794.apply(Unknown Source)
	at sbt.CompletionService$$anon$2.call(CompletionService.scala:32)
	at java.util.concurrent.FutureTask.run(FutureTask.java:266)
	at java.util.concurrent.Executors$RunnableAdapter.call(Executors.java:511)
	at java.util.concurrent.FutureTask.run(FutureTask.java:266)
	at java.util.concurrent.ThreadPoolExecutor.runWorker(ThreadPoolExecutor.java:1142)
	at java.util.concurrent.ThreadPoolExecutor$Worker.run(ThreadPoolExecutor.java:617)
	at java.lang.Thread.run(Thread.java:745)
</failure>
                                               </testcase>
                     <system-out><![CDATA[]]></system-out>
                     <system-err><![CDATA[]]></system-err>
                   </testsuite>